d:\univer\5sem\sp\lab02 (2)\os12_com_dll\x64\debug\sp02_com_dll.pch
d:\univer\5sem\sp\lab02 (2)\os12_com_dll\x64\debug\vc143.pdb
d:\univer\5sem\sp\lab02 (2)\os12_com_dll\x64\debug\vc143.idb
d:\univer\5sem\sp\lab02 (2)\os12_com_dll\x64\debug\pch.obj
d:\univer\5sem\sp\lab02 (2)\os12_com_dll\x64\debug\os12.obj
d:\univer\5sem\sp\lab02 (2)\os12_com_dll\x64\debug\interface.obj
d:\univer\5sem\sp\lab02 (2)\os12_com_dll\x64\debug\install.obj
d:\univer\5sem\sp\lab02 (2)\os12_com_dll\x64\debug\dllmain.obj
d:\univer\5sem\sp\lab02 (2)\os12_com_dll\x64\debug\cfactory.obj
d:\univer\5sem\sp\lab02 (2)\x64\debug\sp02_com_dll.dll
d:\univer\5sem\sp\lab02 (2)\os12_com_dll\x64\debug\sp02_com_dll.ilk
d:\univer\5sem\sp\lab02 (2)\x64\debug\sp02_com_dll.pdb
d:\univer\5sem\sp\lab02 (2)\x64\debug\sp02_com_dll.lib
d:\univer\5sem\sp\lab02 (2)\x64\debug\sp02_com_dll.exp
d:\univer\5sem\sp\lab02 (2)\os12_com_dll\x64\debug\os12_com_dll.ilk
d:\univer\5sem\sp\lab02 (2)\os12_com_dll\x64\debug\os12_com_dll.pch
d:\univer\5sem\sp\lab02 (2)\os12_com_dll\x64\debug\sp02_com_dll.tlog\cl.command.1.tlog
d:\univer\5sem\sp\lab02 (2)\os12_com_dll\x64\debug\sp02_com_dll.tlog\cl.read.1.tlog
d:\univer\5sem\sp\lab02 (2)\os12_com_dll\x64\debug\sp02_com_dll.tlog\cl.write.1.tlog
d:\univer\5sem\sp\lab02 (2)\os12_com_dll\x64\debug\sp02_com_dll.tlog\link.command.1.tlog
d:\univer\5sem\sp\lab02 (2)\os12_com_dll\x64\debug\sp02_com_dll.tlog\link.read.1.tlog
d:\univer\5sem\sp\lab02 (2)\os12_com_dll\x64\debug\sp02_com_dll.tlog\link.write.1.tlog
d:\univer\5sem\sp\lab02 (2)\os12_com_dll\x64\debug\sp02_com_dll.tlog\sp02_com_dll.write.1u.tlog
