d:\1poit\3\osi\labs\10\lab10\os10_03\x64\debug\vc143.pdb
d:\1poit\3\osi\labs\10\lab10\os10_03\x64\debug\vc143.idb
d:\1poit\3\osi\labs\10\lab10\os10_03\x64\debug\os10_03.obj
c:\users\nikit\desktop\univer\3cource1sem\sp\10\lab10\os10_03\x64\debug\vc143.pdb
c:\users\nikit\desktop\univer\3cource1sem\sp\10\lab10\os10_03\x64\debug\vc143.idb
c:\users\nikit\desktop\univer\3cource1sem\sp\10\lab10\os10_03\x64\debug\os10_03.obj
d:\1poit\3\osi\labs\10\lab10\os10_03\x64\debug\os10_03.ilk
d:\1poit\3\osi\labs\10\lab10\x64\debug\os10_03.exe
d:\1poit\3\osi\labs\10\lab10\x64\debug\os10_03.pdb
c:\users\nikit\desktop\univer\3cource1sem\sp\10\lab10\os10_03\x64\debug\os10_03.ilk
c:\users\nikit\desktop\univer\3cource1sem\sp\10\lab10\x64\debug\os10_03.exe
c:\users\nikit\desktop\univer\3cource1sem\sp\10\lab10\x64\debug\os10_03.pdb
f:\bgtu\course3\sem1\sp_lab5\lab3\os10_03\x64\debug\os10_03.obj
f:\bgtu\course3\sem1\sp_lab5\lab3\os10_03\x64\debug\os10_03.ilk
f:\bgtu\course3\sem1\sp_lab5\lab3\os10_03\x64\debug\vc143.idb
f:\bgtu\course3\sem1\sp_lab5\lab3\os10_03\x64\debug\vc143.pdb
f:\bgtu\course3\sem1\sp_lab5\lab3\x64\debug\os10_03.pdb
f:\bgtu\course3\sem1\sp_lab5\lab3\x64\debug\os10_03.exe
f:\bgtu\course3\sem1\sp_lab5\lab3\os10_03\x64\debug\os10_03.tlog\cl.command.1.tlog
f:\bgtu\course3\sem1\sp_lab5\lab3\os10_03\x64\debug\os10_03.tlog\cl.read.1.tlog
f:\bgtu\course3\sem1\sp_lab5\lab3\os10_03\x64\debug\os10_03.tlog\cl.write.1.tlog
f:\bgtu\course3\sem1\sp_lab5\lab3\os10_03\x64\debug\os10_03.tlog\link.command.1.tlog
f:\bgtu\course3\sem1\sp_lab5\lab3\os10_03\x64\debug\os10_03.tlog\link.read.1.tlog
f:\bgtu\course3\sem1\sp_lab5\lab3\os10_03\x64\debug\os10_03.tlog\link.write.1.tlog
