c:\users\nk\desktop\os10_file_mapping\os10_02\x64\debug\vc143.pdb
c:\users\nk\desktop\os10_file_mapping\os10_02\x64\debug\vc143.idb
c:\users\nk\desktop\os10_file_mapping\os10_02\x64\debug\main.obj
e:\уник\сп\комменты\os10_htfilemapping\os10_02\x64\debug\vc143.pdb
e:\уник\сп\комменты\os10_htfilemapping\os10_02\x64\debug\vc143.idb
e:\уник\сп\комменты\os10_htfilemapping\os10_02\x64\debug\main.obj
c:\users\nk\desktop\os10_file_mapping\os10_02\x64\debug\os10_02.ilk
c:\users\nk\desktop\os10_file_mapping\x64\debug\os10_02.exe
c:\users\nk\desktop\os10_file_mapping\x64\debug\os10_02.pdb
e:\уник\сп\os10_htfilemapping\os10_02\x64\debug\os10_02.ilk
e:\уник\сп\os10_htfilemapping\x64\debug\os10_02.exe
e:\уник\сп\os10_htfilemapping\x64\debug\os10_02.pdb
e:\уник\сп\комменты\os10_htfilemapping\x64\debug\os10_02.exe
e:\уник\сп\комменты\os10_htfilemapping\os10_02\x64\debug\os10_02.ilk
e:\уник\сп\комменты\os10_htfilemapping\x64\debug\os10_02.pdb
e:\уник\сп\комменты\os10_htfilemapping\os10_02\x64\debug\os10_02.tlog\cl.command.1.tlog
e:\уник\сп\комменты\os10_htfilemapping\os10_02\x64\debug\os10_02.tlog\cl.items.tlog
e:\уник\сп\комменты\os10_htfilemapping\os10_02\x64\debug\os10_02.tlog\cl.read.1.tlog
e:\уник\сп\комменты\os10_htfilemapping\os10_02\x64\debug\os10_02.tlog\cl.write.1.tlog
e:\уник\сп\комменты\os10_htfilemapping\os10_02\x64\debug\os10_02.tlog\link.command.1.tlog
e:\уник\сп\комменты\os10_htfilemapping\os10_02\x64\debug\os10_02.tlog\link.read.1.tlog
e:\уник\сп\комменты\os10_htfilemapping\os10_02\x64\debug\os10_02.tlog\link.write.1.tlog
