f:\bgtu\course3\sem1\sp\labs\14\os14\os14_htcom\x64\debug\os14_htcom.pch
f:\bgtu\course3\sem1\sp\labs\14\os14\os14_htcom\x64\debug\vc143.pdb
f:\bgtu\course3\sem1\sp\labs\14\os14\os14_htcom\x64\debug\vc143.idb
f:\bgtu\course3\sem1\sp\labs\14\os14\os14_htcom\x64\debug\pch.obj
f:\bgtu\course3\sem1\sp\labs\14\os14\os14_htcom\x64\debug\registry.obj
f:\bgtu\course3\sem1\sp\labs\14\os14\os14_htcom\x64\debug\exportfunctions.obj
f:\bgtu\course3\sem1\sp\labs\14\os14\os14_htcom\x64\debug\dllmain.obj
f:\bgtu\course3\sem1\sp\labs\14\os14\os14_htcom\x64\debug\componentht.obj
f:\bgtu\course3\sem1\sp\labs\14\os14\os14_htcom\x64\debug\classfactory.obj
f:\bgtu\course3\sem1\sp\labs\14\os14\os14_htcom\x64\debug\os14_htcom.ilk
f:\bgtu\course3\sem1\sp\labs\14\os14\x64\debug\os14_htcom.dll
f:\bgtu\course3\sem1\sp\labs\14\os14\x64\debug\os14_htcom.pdb
f:\bgtu\course3\sem1\sp\labs\14\os14\x64\debug\os14_htcom.lib
f:\bgtu\course3\sem1\sp\labs\14\os14\x64\debug\os14_htcom.exp
f:\bgtu\course3\sem1\sp\labs\14\os14\os14_htcom\x64\debug\os14_htcom.tlog\cl.command.1.tlog
f:\bgtu\course3\sem1\sp\labs\14\os14\os14_htcom\x64\debug\os14_htcom.tlog\cl.items.tlog
f:\bgtu\course3\sem1\sp\labs\14\os14\os14_htcom\x64\debug\os14_htcom.tlog\cl.read.1.tlog
f:\bgtu\course3\sem1\sp\labs\14\os14\os14_htcom\x64\debug\os14_htcom.tlog\cl.write.1.tlog
f:\bgtu\course3\sem1\sp\labs\14\os14\os14_htcom\x64\debug\os14_htcom.tlog\link.command.1.tlog
f:\bgtu\course3\sem1\sp\labs\14\os14\os14_htcom\x64\debug\os14_htcom.tlog\link.read.1.tlog
f:\bgtu\course3\sem1\sp\labs\14\os14\os14_htcom\x64\debug\os14_htcom.tlog\link.write.1.tlog
f:\bgtu\course3\sem1\sp\labs\14\os14\os14_htcom\x64\debug\os14_htcom.tlog\link.write.2u.tlog
